{
  "RSpec": {
    "coverage": {
      "/Users/carlossanchezperez/Projects/my-pet-api/spec/support/sidekiq.rb": {
        "lines": [
          1,
          1,
          1,
          null,
          null,
          1
        ]
      },
      "/Users/carlossanchezperez/Projects/my-pet-api/spec/support/shoulda_matchers.rb": {
        "lines": [
          1,
          1,
          1,
          null,
          1,
          null,
          null,
          1,
          1,
          1,
          null,
          1,
          null,
          null,
          null
        ]
      },
      "/Users/carlossanchezperez/Projects/my-pet-api/spec/support/database_cleaner_spec.rb": {
        "lines": [
          1,
          1,
          1,
          null,
          null,
          1,
          5,
          null,
          null,
          1,
          0,
          null,
          null,
          1,
          5,
          null,
          null,
          1,
          5,
          null,
          null,
          null
        ]
      },
      "/Users/carlossanchezperez/Projects/my-pet-api/spec/support/task.rb": {
        "lines": [
          null,
          null,
          null,
          null,
          null,
          null,
          null,
          null,
          null,
          null,
          1,
          1,
          1,
          0,
          0,
          null,
          0,
          null,
          null,
          1,
          null,
          1,
          0,
          null,
          1,
          1,
          1,
          null,
          null
        ]
      },
      "/Users/carlossanchezperez/Projects/my-pet-api/spec/api/v1/purchases_controller_spec.rb": {
        "lines": [
          1,
          null,
          1,
          1,
          5,
          5,
          5,
          5,
          null,
          5,
          5,
          5,
          null,
          5,
          5,
          5,
          null,
          null,
          1,
          1,
          1,
          1,
          null,
          1,
          null,
          1,
          1,
          null,
          null,
          null,
          1,
          1,
          1,
          1,
          null,
          1,
          null,
          1,
          null,
          1,
          1,
          1,
          null,
          1,
          1,
          null,
          null,
          1,
          1,
          null,
          1,
          1,
          1,
          null,
          1,
          null,
          1,
          1,
          null,
          1,
          null,
          1,
          null,
          null,
          1,
          1,
          null,
          1,
          1,
          1,
          1,
          null,
          1,
          1,
          null,
          1,
          1,
          1,
          1,
          null,
          1,
          null,
          null,
          null,
          1,
          1,
          1,
          null,
          1,
          null,
          1,
          null,
          1,
          null,
          1,
          1,
          1,
          null,
          1,
          null,
          null,
          null
        ]
      },
      "/Users/carlossanchezperez/Projects/my-pet-api/app/controllers/api/v1/purchases_controller.rb": {
        "lines": [
          1,
          1,
          null,
          null,
          1,
          7,
          7,
          null,
          7,
          6,
          2,
          null,
          4,
          null,
          null,
          1,
          null,
          null,
          7,
          7,
          null,
          null,
          1,
          null,
          1,
          4,
          null,
          null,
          1,
          6,
          6,
          null,
          null,
          null
        ]
      },
      "/Users/carlossanchezperez/Projects/my-pet-api/app/controllers/api/v1/api_controller.rb": {
        "lines": [
          1,
          1,
          null,
          1,
          1,
          null,
          null,
          1,
          1,
          1,
          null,
          null,
          null,
          1,
          null,
          0,
          null,
          null,
          null,
          null,
          null,
          null,
          null,
          1,
          null,
          0,
          null,
          null,
          0,
          0,
          null,
          null,
          null,
          null
        ]
      },
      "/Users/carlossanchezperez/Projects/my-pet-api/app/controllers/application_controller.rb": {
        "lines": [
          1,
          1,
          null,
          1,
          null,
          1,
          7,
          null,
          null,
          1,
          7,
          7,
          null,
          null
        ]
      },
      "/Users/carlossanchezperez/Projects/my-pet-api/app/controllers/concerns/api_response.rb": {
        "lines": [
          1,
          1,
          0,
          null,
          null
        ]
      },
      "/Users/carlossanchezperez/Projects/my-pet-api/lib/tasks/checking_caducated_wachings.rake": {
        "lines": [
          1,
          1,
          1,
          0,
          0,
          0,
          null,
          null,
          null,
          null,
          1,
          null,
          1,
          0,
          null,
          null,
          1,
          0,
          0,
          null,
          null,
          null
        ]
      },
      "/Users/carlossanchezperez/Projects/my-pet-api/app/models/user.rb": {
        "lines": [
          1,
          null,
          1,
          null,
          null,
          1,
          1,
          null,
          null,
          1,
          null,
          1,
          null,
          1,
          15,
          null,
          15,
          15,
          15,
          null,
          null,
          15,
          null,
          null
        ]
      },
      "/Users/carlossanchezperez/Projects/my-pet-api/app/models/application_record.rb": {
        "lines": [
          1,
          1,
          null
        ]
      },
      "/Users/carlossanchezperez/Projects/my-pet-api/app/models/movie.rb": {
        "lines": [
          1,
          null,
          1,
          1,
          null,
          null,
          1,
          null
        ]
      },
      "/Users/carlossanchezperez/Projects/my-pet-api/app/models/purchase.rb": {
        "lines": [
          1,
          null,
          1,
          null
        ]
      },
      "/Users/carlossanchezperez/Projects/my-pet-api/app/models/season.rb": {
        "lines": [
          1,
          null,
          1,
          null,
          null,
          1,
          1,
          null,
          null,
          1,
          null
        ]
      },
      "/Users/carlossanchezperez/Projects/my-pet-api/app/models/library.rb": {
        "lines": [
          1,
          null,
          1,
          1,
          null,
          null,
          7,
          1,
          null
        ]
      },
      "/Users/carlossanchezperez/Projects/my-pet-api/app/workers/purchase_hard_worker.rb": {
        "lines": [
          1,
          1,
          null,
          1,
          null,
          4,
          4,
          null,
          4,
          4,
          null,
          4,
          4,
          null,
          null,
          null,
          1,
          null,
          1,
          4,
          null,
          null,
          1,
          4,
          null,
          null
        ]
      },
      "/Users/carlossanchezperez/Projects/my-pet-api/app/serializers/purchase_serializer.rb": {
        "lines": [
          1,
          1,
          null,
          null,
          1,
          null,
          null
        ]
      },
      "/Users/carlossanchezperez/Projects/my-pet-api/app/serializers/movie_serializer.rb": {
        "lines": [
          1,
          1,
          null
        ]
      },
      "/Users/carlossanchezperez/Projects/my-pet-api/app/serializers/season_serializer.rb": {
        "lines": [
          1,
          1,
          null,
          null,
          1,
          null,
          null,
          1,
          0,
          null,
          null,
          null
        ]
      },
      "/Users/carlossanchezperez/Projects/my-pet-api/app/serializers/episode_serializer.rb": {
        "lines": [
          1,
          1,
          null
        ]
      }
    },
    "timestamp": 1587326014
  }
}
